<?xml version="1.0" encoding="UTF-8"?>
<!-- Generated by org.testng.reporters.JUnitXMLReporter -->
<testsuite ignored="0" hostname="LAPTOP-C1AEMFQ7" failures="0" tests="4" name="Default test" time="15.515" errors="0" timestamp="2025-09-16T09:53:47 IST">
  <testcase classname="TestScript.LoginTest" name="verifyinvalidusernameinvalidpassword" time="1.865"/>
  <testcase classname="TestScript.LoginTest" name="verifyinvalidusernamevalidpassword" time="0.979"/>
  <testcase classname="TestScript.LoginTest" name="verifyvalidusernameinvalidpassword" time="0.942"/>
  <testcase classname="TestScript.LoginTest" name="verifyvalidusernamevalidpassword" time="1.199"/>
</testsuite> <!-- Default test -->
