<?xml version="1.0" encoding="UTF-8"?>
<testng-results ignored="0" total="4" passed="4" failed="0" skipped="0">
  <reporter-output>
  </reporter-output>
  <suite started-at="2025-09-16T09:53:31 IST" name="Default suite" finished-at="2025-09-16T09:53:47 IST" duration-ms="15515">
    <groups>
    </groups>
    <test started-at="2025-09-16T09:53:31 IST" name="Default test" finished-at="2025-09-16T09:53:47 IST" duration-ms="15515">
      <class name="TestScript.LoginTest">
        <test-method is-config="true" signature="browserInitialization()[pri:0, instance:TestScript.LoginTest@34a3d150]" started-at="2025-09-16T09:53:31 IST" name="browserInitialization" finished-at="2025-09-16T09:53:34 IST" duration-ms="3287" status="PASS">
          <reporter-output>
          </reporter-output>
        </test-method> <!-- browserInitialization -->
        <test-method signature="verifyinvalidusernameinvalidpassword()[pri:0, instance:TestScript.LoginTest@34a3d150]" started-at="2025-09-16T09:53:34 IST" name="verifyinvalidusernameinvalidpassword" finished-at="2025-09-16T09:53:36 IST" duration-ms="1865" status="PASS">
          <reporter-output>
          </reporter-output>
        </test-method> <!-- verifyinvalidusernameinvalidpassword -->
        <test-method is-config="true" signature="browserQuitClose()[pri:0, instance:TestScript.LoginTest@34a3d150]" started-at="2025-09-16T09:53:36 IST" name="browserQuitClose" finished-at="2025-09-16T09:53:36 IST" duration-ms="1" status="PASS">
          <reporter-output>
          </reporter-output>
        </test-method> <!-- browserQuitClose -->
        <test-method is-config="true" signature="browserInitialization()[pri:0, instance:TestScript.LoginTest@34a3d150]" started-at="2025-09-16T09:53:36 IST" name="browserInitialization" finished-at="2025-09-16T09:53:39 IST" duration-ms="2461" status="PASS">
          <reporter-output>
          </reporter-output>
        </test-method> <!-- browserInitialization -->
        <test-method signature="verifyinvalidusernamevalidpassword()[pri:0, instance:TestScript.LoginTest@34a3d150]" started-at="2025-09-16T09:53:39 IST" name="verifyinvalidusernamevalidpassword" finished-at="2025-09-16T09:53:40 IST" duration-ms="979" status="PASS">
          <reporter-output>
          </reporter-output>
        </test-method> <!-- verifyinvalidusernamevalidpassword -->
        <test-method is-config="true" signature="browserQuitClose()[pri:0, instance:TestScript.LoginTest@34a3d150]" started-at="2025-09-16T09:53:40 IST" name="browserQuitClose" finished-at="2025-09-16T09:53:40 IST" duration-ms="1" status="PASS">
          <reporter-output>
          </reporter-output>
        </test-method> <!-- browserQuitClose -->
        <test-method is-config="true" signature="browserInitialization()[pri:0, instance:TestScript.LoginTest@34a3d150]" started-at="2025-09-16T09:53:40 IST" name="browserInitialization" finished-at="2025-09-16T09:53:42 IST" duration-ms="2176" status="PASS">
          <reporter-output>
          </reporter-output>
        </test-method> <!-- browserInitialization -->
        <test-method signature="verifyvalidusernameinvalidpassword()[pri:0, instance:TestScript.LoginTest@34a3d150]" started-at="2025-09-16T09:53:42 IST" name="verifyvalidusernameinvalidpassword" finished-at="2025-09-16T09:53:43 IST" duration-ms="942" status="PASS">
          <reporter-output>
          </reporter-output>
        </test-method> <!-- verifyvalidusernameinvalidpassword -->
        <test-method is-config="true" signature="browserQuitClose()[pri:0, instance:TestScript.LoginTest@34a3d150]" started-at="2025-09-16T09:53:43 IST" name="browserQuitClose" finished-at="2025-09-16T09:53:43 IST" duration-ms="6" status="PASS">
          <reporter-output>
          </reporter-output>
        </test-method> <!-- browserQuitClose -->
        <test-method is-config="true" signature="browserInitialization()[pri:0, instance:TestScript.LoginTest@34a3d150]" started-at="2025-09-16T09:53:43 IST" name="browserInitialization" finished-at="2025-09-16T09:53:45 IST" duration-ms="2474" status="PASS">
          <reporter-output>
          </reporter-output>
        </test-method> <!-- browserInitialization -->
        <test-method signature="verifyvalidusernamevalidpassword()[pri:0, instance:TestScript.LoginTest@34a3d150]" started-at="2025-09-16T09:53:45 IST" name="verifyvalidusernamevalidpassword" finished-at="2025-09-16T09:53:47 IST" duration-ms="1199" status="PASS">
          <reporter-output>
          </reporter-output>
        </test-method> <!-- verifyvalidusernamevalidpassword -->
        <test-method is-config="true" signature="browserQuitClose()[pri:0, instance:TestScript.LoginTest@34a3d150]" started-at="2025-09-16T09:53:47 IST" name="browserQuitClose" finished-at="2025-09-16T09:53:47 IST" duration-ms="0" status="PASS">
          <reporter-output>
          </reporter-output>
        </test-method> <!-- browserQuitClose -->
      </class> <!-- TestScript.LoginTest -->
    </test> <!-- Default test -->
  </suite> <!-- Default suite -->
</testng-results>
